c:\users\riki\desktop\кп\кп\x64\debug\vc143.pdb
c:\users\riki\desktop\кп\кп\x64\debug\vc143.idb
c:\users\riki\desktop\кп\кп\x64\debug\validation.obj
c:\users\riki\desktop\кп\кп\x64\debug\otable.obj
c:\users\riki\desktop\кп\кп\x64\debug\menu.obj
c:\users\riki\desktop\кп\кп\x64\debug\main.obj
c:\users\riki\desktop\кп\кп\x64\debug\itable.obj
c:\users\riki\desktop\кп\кп\x64\debug\iotable.obj
c:\users\riki\desktop\кп\x64\debug\кп.exe
c:\users\riki\desktop\кп\x64\debug\кп.pdb
c:\users\riki\desktop\кп\кп\x64\debug\кп.ilk
c:\users\riki\desktop\кп\кп\x64\debug\iotable.obj.enc
c:\users\riki\desktop\кп\кп\x64\debug\itable.obj.enc
c:\users\riki\desktop\кп\кп\x64\debug\menu.obj.enc
c:\users\riki\desktop\кп\кп\x64\debug\otable.obj.enc
c:\users\riki\desktop\кп\кп\x64\debug\validation.obj.enc
c:\users\riki\desktop\кп\кп\x64\debug\кп.tlog\cl.command.1.tlog
c:\users\riki\desktop\кп\кп\x64\debug\кп.tlog\cl.items.tlog
c:\users\riki\desktop\кп\кп\x64\debug\кп.tlog\cl.read.1.tlog
c:\users\riki\desktop\кп\кп\x64\debug\кп.tlog\cl.write.1.tlog
c:\users\riki\desktop\кп\кп\x64\debug\кп.tlog\link.command.1.tlog
c:\users\riki\desktop\кп\кп\x64\debug\кп.tlog\link.read.1.tlog
c:\users\riki\desktop\кп\кп\x64\debug\кп.tlog\link.secondary.1.tlog
c:\users\riki\desktop\кп\кп\x64\debug\кп.tlog\link.write.1.tlog
